Arguments: 
  C:\Program Files\nodejs\node.exe C:\Users\Acer\AppData\Roaming\npm\node_modules\yarn\bin\yarn.js add react-native-react-native

PATH: 
  C:\Program Files (x86)\Common Files\Oracle\Java\javapath;C:\Program Files\Microsoft MPI\Bin\;C:\WINDOWS\system32;C:\WINDOWS;C:\WINDOWS\System32\Wbem;C:\WINDOWS\System32\WindowsPowerShell\v1.0\;C:\WINDOWS\System32\OpenSSH\;C:\xampp\php;C:\ProgramData\ComposerSetup\bin;C:\Program Files\Git\cmd;C:\Program Files\Microsoft SQL Server\Client SDK\ODBC\130\Tools\Binn\;C:\Program Files (x86)\Microsoft SQL Server\140\Tools\Binn\;C:\Program Files\Microsoft SQL Server\140\Tools\Binn\;C:\Program Files\Microsoft SQL Server\140\DTS\Binn\;C:\Program Files (x86)\Microsoft SQL Server\140\DTS\Binn\;C:\Program Files\dotnet\;C:\Program Files\Microsoft SQL Server\130\Tools\Binn\;C:\Program Files\Microsoft SQL Server\Client SDK\ODBC\110\Tools\Binn\;C:\Program Files (x86)\Microsoft SQL Server\Client SDK\ODBC\130\Tools\Binn\;C:\Program Files (x86)\Microsoft SQL Server\140\Tools\Binn\ManagementStudio\;C:\Users\Acer\AppData\Local\Android\Sdk\platform-tools;C:\ProgramData\chocolatey\bin;;C:\Program Files\Microsoft VS Code\bin;C:\Program Files\nodejs\;C:\Users\Acer\AppData\Local\Microsoft\WindowsApps;C:\Program Files\Microsoft VS Code\bin;C:\Users\Acer\AppData\Roaming\Composer\vendor\bin;C:\php;C:\Users\Acer\AppData\Roaming\npm

Yarn version: 
  1.22.4

Node version: 
  12.14.0

Platform: 
  win32 x64

Trace: 
  Error: https://registry.yarnpkg.com/react-native-react-native: Not found
      at Request.params.callback [as _callback] (C:\Users\Acer\AppData\Roaming\npm\node_modules\yarn\lib\cli.js:66987:18)
      at Request.self.callback (C:\Users\Acer\AppData\Roaming\npm\node_modules\yarn\lib\cli.js:140748:22)
      at Request.emit (events.js:210:5)
      at Request.<anonymous> (C:\Users\Acer\AppData\Roaming\npm\node_modules\yarn\lib\cli.js:141720:10)
      at Request.emit (events.js:210:5)
      at IncomingMessage.<anonymous> (C:\Users\Acer\AppData\Roaming\npm\node_modules\yarn\lib\cli.js:141642:12)
      at Object.onceWrapper (events.js:299:28)
      at IncomingMessage.emit (events.js:215:7)
      at endReadableNT (_stream_readable.js:1184:12)
      at processTicksAndRejections (internal/process/task_queues.js:80:21)

npm manifest: 
  {
    "main": "node_modules/expo/AppEntry.js",
    "scripts": {
      "start": "expo start",
      "android": "expo start --android",
      "ios": "expo start --ios",
      "web": "expo start --web",
      "eject": "expo eject"
    },
    "dependencies": {
      "@grpc/grpc-js": "^0.7.5",
      "@react-native-community/masked-view": "0.1.5",
      "@react-navigation/bottom-tabs": "^5.0.7",
      "@react-navigation/core": "^5.1.6",
      "@react-navigation/drawer": "^5.0.7",
      "@react-navigation/material-bottom-tabs": "^5.0.7",
      "@react-navigation/material-top-tabs": "^5.0.7",
      "@react-navigation/native": "^5.0.7",
      "@react-navigation/stack": "^5.0.8",
      "core-js": "^3.6.4",
      "expo": "^36.0.2",
      "expo-firebase-app": "^2.0.0",
      "expo-font": "~8.0.0",
      "expo-location": "~8.0.0",
      "expo-permissions": "~8.0.0",
      "firebase": "^7.14.0",
      "grpc": "^1.24.2",
      "lodash": "^4.17.15",
      "native-base": "2.13.8",
      "react": "~16.9.0",
      "react-addons-update": "^15.6.2",
      "react-dom": "~16.9.0",
      "react-native": "https://github.com/expo/react-native/archive/sdk-36.0.0.tar.gz",
      "react-native-confirmation-code-input": "^1.0.4",
      "react-native-device-info": "^5.5.3",
      "react-native-face-pile": "^1.9.0",
      "react-native-firebase": "^5.6.0",
      "react-native-gesture-handler": "~1.5.0",
      "react-native-google-autocomplete": "^0.1.8",
      "react-native-linear-gradient": "^2.5.6",
      "react-native-maps": "0.26.1",
      "react-native-normalize": "^1.0.1",
      "react-native-paper": "^3.6.0",
      "react-native-read-more-text": "^1.1.2",
      "react-native-reanimated": "~1.4.0",
      "react-native-responsive-screen": "^1.3.0",
      "react-native-router-flux": "^4.2.0",
      "react-native-safe-area-context": "0.6.0",
      "react-native-screens": "2.0.0-alpha.12",
      "react-native-shadow": "^1.2.2",
      "react-native-simple-radio-button": "^2.7.4",
      "react-native-svg": "9.13.3",
      "react-native-tab-view": "^2.13.0",
      "react-native-vector-icons": "^6.6.0",
      "react-native-web": "~0.11.7",
      "react-navigation": "^4.0.10",
      "react-navigation-stack": "^1.10.3",
      "react-redux": "^7.2.0",
      "redux": "^4.0.5",
      "redux-logger": "^3.0.6",
      "redux-thunk": "^2.3.0",
      "yarn": "^1.21.1"
    },
    "devDependencies": {
      "@babel/core": "^7.0.0",
      "babel-preset-expo": "~8.0.0",
      "metro": "^0.59.0"
    },
    "private": true
  }

yarn manifest: 
  No manifest

Lockfile: 
  No lockfile
